2016-09-30 13:24:00,067 INFO  [Log] **************************************************************************************** 
2016-09-30 13:24:00,068 INFO  [Log] **************************************************************************************** 
2016-09-30 13:24:00,068 INFO  [Log] $$$$$$$$$$$$$$$$$$$$$                 Login_01       $$$$$$$$$$$$$$$$$$$$$$$$$ 
2016-09-30 13:24:00,069 INFO  [Log] **************************************************************************************** 
2016-09-30 13:24:00,069 INFO  [Log] **************************************************************************************** 
2016-09-30 13:24:09,157 INFO  [Log] Opening Browser 
2016-09-30 13:24:09,157 INFO  [Log] Navigating to URL 
2016-09-30 13:24:13,561 INFO  [Log] Entering the text in UserName 
2016-09-30 13:24:15,170 INFO  [Log] Entering the text in Password 
2016-09-30 13:24:16,662 INFO  [Log] Wait for 5 seconds 
2016-09-30 13:24:21,666 INFO  [Log] XXXXXXXXXXXXXXXXXXXXXXX             -E---N---D-             XXXXXXXXXXXXXXXXXXXXXX 
2016-09-30 13:24:21,666 INFO  [Log] X 
2016-09-30 13:24:21,666 INFO  [Log] X 
2016-09-30 13:24:21,666 INFO  [Log] X 
2016-09-30 13:24:21,666 INFO  [Log] X 
2016-09-30 14:38:28,850 INFO  [Log] **************************************************************************************** 
2016-09-30 14:38:28,850 INFO  [Log] **************************************************************************************** 
2016-09-30 14:38:28,850 INFO  [Log] $$$$$$$$$$$$$$$$$$$$$                 Login_01       $$$$$$$$$$$$$$$$$$$$$$$$$ 
2016-09-30 14:38:28,850 INFO  [Log] **************************************************************************************** 
2016-09-30 14:38:28,850 INFO  [Log] **************************************************************************************** 
2016-09-30 14:38:37,581 INFO  [Log] Opening Browser 
2016-10-03 09:55:37,047 ERROR [Log] Class Utils | Method getRowCount | Exception desc : null 
2016-10-03 10:02:58,823 ERROR [Log] Class Utils | Method getRowCount | Exception desc : null 
2016-10-03 10:05:46,445 ERROR [Log] Class Utils | Method getRowCount | Exception desc : null 
2016-10-03 10:07:17,553 ERROR [Log] Class Utils | Method getRowCount | Exception desc : null 
2016-10-03 10:11:44,580 ERROR [Log] Class Utils | Method getRowCount | Exception desc : null 
2016-10-03 10:28:39,724 ERROR [Log] Class Utils | Method getRowCount | Exception desc : null 
2016-10-03 10:32:48,218 ERROR [Log] Class Utils | Method setExcelFile | Exception desc : C:\Users\549358\workspace\New\src\dataEngine\DataEngine.xlsx (The system cannot find the file specified) 
2016-10-03 10:32:48,326 ERROR [Log] Class Utils | Method getRowCount | Exception desc : null 
2016-10-03 10:32:52,213 ERROR [Log] Class Utils | Method setExcelFile | Exception desc : C:\Users\549358\workspace\New\src\dataEngine\DataEngine.xlsx (The system cannot find the file specified) 
2016-10-03 10:32:52,234 ERROR [Log] Class Utils | Method getRowCount | Exception desc : null 
2016-10-03 10:33:05,869 ERROR [Log] Class Utils | Method setExcelFile | Exception desc : C:\Users\549358\workspace\New\src\dataEngine\DataEngine.xlsx (The system cannot find the file specified) 
2016-10-03 10:33:05,889 ERROR [Log] Class Utils | Method getRowCount | Exception desc : null 
2016-10-03 10:33:52,368 ERROR [Log] Class Utils | Method getRowCount | Exception desc : null 
2016-10-03 10:37:29,595 ERROR [Log] Class Utils | Method getRowCount | Exception desc : null 
2016-10-03 13:14:43,790 ERROR [Log] Class Utils | Method getRowCount | Exception desc : null 
2016-10-03 14:19:29,389 ERROR [Log] Class Utils | Method getRowCount | Exception desc : null 
2016-10-03 14:22:05,197 INFO  [Log] **************************************************************************************** 
2016-10-03 14:22:05,197 INFO  [Log] **************************************************************************************** 
2016-10-03 14:22:05,198 INFO  [Log] $$$$$$$$$$$$$$$$$$$$$Login_01 $$$$$$$$$$$$$$$$$$$$$$$$$ 
2016-10-03 14:22:05,198 INFO  [Log] **************************************************************************************** 
2016-10-03 14:22:05,198 INFO  [Log] **************************************************************************************** 
2016-10-03 14:22:21,230 INFO  [Log] Opening Browser 
2016-10-03 14:23:58,193 ERROR [Log] Class Utils | Method getRowCount | Exception desc : null 
2016-10-03 14:30:47,950 INFO  [Log] **************************************************************************************** 
2016-10-03 14:30:47,952 INFO  [Log] **************************************************************************************** 
2016-10-03 14:30:47,952 INFO  [Log] $$$$$$$$$$$$$$$$$$$$$Login_01 $$$$$$$$$$$$$$$$$$$$$$$$$ 
2016-10-03 14:30:47,953 INFO  [Log] **************************************************************************************** 
2016-10-03 14:30:47,953 INFO  [Log] **************************************************************************************** 
2016-10-03 14:30:52,369 INFO  [Log] Opening Browser 
2016-10-03 14:30:52,392 INFO  [Log] XXXXXXXXXXXXXXXXXXXXXXX-E---N---D-XXXXXXXXXXXXXXXXXXXXXX 
2016-10-03 14:30:52,392 INFO  [Log] X 
2016-10-03 14:30:52,392 INFO  [Log] X 
2016-10-03 14:30:52,392 INFO  [Log] X 
2016-10-03 14:30:52,392 INFO  [Log] X 
2016-10-03 14:33:38,977 INFO  [Log] **************************************************************************************** 
2016-10-03 14:33:38,980 INFO  [Log] **************************************************************************************** 
2016-10-03 14:33:38,980 INFO  [Log] $$$$$$$$$$$$$$$$$$$$$Login_01 $$$$$$$$$$$$$$$$$$$$$$$$$ 
2016-10-03 14:33:38,981 INFO  [Log] **************************************************************************************** 
2016-10-03 14:33:38,981 INFO  [Log] **************************************************************************************** 
2016-10-03 14:33:51,512 INFO  [Log] Opening Browser 
2016-10-03 14:33:51,548 INFO  [Log] XXXXXXXXXXXXXXXXXXXXXXX-E---N---D-XXXXXXXXXXXXXXXXXXXXXX 
2016-10-03 14:33:51,548 INFO  [Log] X 
2016-10-03 14:33:51,548 INFO  [Log] X 
2016-10-03 14:33:51,548 INFO  [Log] X 
2016-10-03 14:33:51,548 INFO  [Log] X 
2016-10-03 14:39:47,613 INFO  [Log] **************************************************************************************** 
2016-10-03 14:39:47,617 INFO  [Log] **************************************************************************************** 
2016-10-03 14:39:47,617 INFO  [Log] $$$$$$$$$$$$$$$$$$$$$Login_01 $$$$$$$$$$$$$$$$$$$$$$$$$ 
2016-10-03 14:39:47,617 INFO  [Log] **************************************************************************************** 
2016-10-03 14:39:47,617 INFO  [Log] **************************************************************************************** 
2016-10-03 14:39:53,581 INFO  [Log] Opening Browser 
2016-10-03 14:39:53,605 INFO  [Log] XXXXXXXXXXXXXXXXXXXXXXX-E---N---D-XXXXXXXXXXXXXXXXXXXXXX 
2016-10-03 14:39:53,606 INFO  [Log] X 
2016-10-03 14:39:53,606 INFO  [Log] X 
2016-10-03 14:39:53,606 INFO  [Log] X 
2016-10-03 14:39:53,606 INFO  [Log] X 
2016-10-03 14:42:08,146 INFO  [Log] **************************************************************************************** 
2016-10-03 14:42:08,147 INFO  [Log] **************************************************************************************** 
2016-10-03 14:42:08,148 INFO  [Log] $$$$$$$$$$$$$$$$$$$$$Login_01 $$$$$$$$$$$$$$$$$$$$$$$$$ 
2016-10-03 14:42:08,148 INFO  [Log] **************************************************************************************** 
2016-10-03 14:42:08,148 INFO  [Log] **************************************************************************************** 
2016-10-03 14:42:29,364 INFO  [Log] Opening Browser 
2016-10-03 14:50:31,620 ERROR [Log] Class Utils | Method getRowCount | Exception desc : null 
2016-10-03 19:58:20,003 ERROR [Log] Class Utils | Method getRowCount | Exception desc : null 
2016-10-03 20:03:11,439 INFO  [Log] ***** 
2016-10-03 20:03:11,440 INFO  [Log] ***** 
2016-10-03 20:03:11,440 INFO  [Log] Login_01 
2016-10-03 20:03:11,440 INFO  [Log] **** 
2016-10-03 20:03:11,440 INFO  [Log] **** 
2016-10-03 20:03:27,089 INFO  [Log] Opening Browser 
2016-10-03 20:19:54,551 ERROR [Log] Class Utils | Method getRowCount | Exception desc : null 
2016-10-03 20:20:25,246 ERROR [Log] Class Utils | Method getRowCount | Exception desc : null 
2016-10-03 20:21:59,466 INFO  [Log] ***** 
2016-10-03 20:21:59,467 INFO  [Log] ***** 
2016-10-03 20:21:59,467 INFO  [Log] Login_01 
2016-10-03 20:21:59,467 INFO  [Log] **** 
2016-10-03 20:21:59,467 INFO  [Log] **** 
2016-10-03 20:22:05,090 INFO  [Log] Opening Browser 
2016-10-03 20:52:05,400 ERROR [Log] Class Utils | Method getRowCount | Exception desc : null 
2016-10-03 20:57:45,529 ERROR [Log] Class Utils | Method getRowCount | Exception desc : null 
2016-10-03 21:00:39,795 INFO  [Log] ***** 
2016-10-03 21:00:39,797 INFO  [Log] ***** 
2016-10-03 21:00:39,797 INFO  [Log] Login_01 
2016-10-03 21:00:39,797 INFO  [Log] **** 
2016-10-03 21:00:39,797 INFO  [Log] **** 
2016-10-03 21:04:58,679 INFO  [Log] ***** 
2016-10-03 21:04:58,680 INFO  [Log] ***** 
2016-10-03 21:04:58,680 INFO  [Log] Login_01 
2016-10-03 21:04:58,680 INFO  [Log] **** 
2016-10-03 21:04:58,680 INFO  [Log] **** 
2016-10-03 21:09:02,979 INFO  [Log] Opening Browser 
2016-10-03 21:10:27,060 ERROR [Log] Class Utils | Method getRowCount | Exception desc : null 
2016-10-03 21:11:32,773 ERROR [Log] Class Utils | Method getRowCount | Exception desc : null 
2016-10-03 21:12:53,949 INFO  [Log] ***** 
2016-10-03 21:12:53,950 INFO  [Log] ***** 
2016-10-03 21:12:53,950 INFO  [Log] Login_01 
2016-10-03 21:12:53,950 INFO  [Log] **** 
2016-10-03 21:12:53,950 INFO  [Log] **** 
2016-10-03 21:13:03,990 INFO  [Log] Opening Browser 
2016-10-03 21:18:00,825 INFO  [Log] ***** 
2016-10-03 21:18:00,826 INFO  [Log] ***** 
2016-10-03 21:18:00,826 INFO  [Log] Login_01 
2016-10-03 21:18:00,826 INFO  [Log] **** 
2016-10-03 21:18:00,826 INFO  [Log] **** 
2016-10-03 21:18:11,267 INFO  [Log] Opening Browser 
2016-10-03 21:29:41,502 INFO  [Log] ***** 
2016-10-03 21:29:41,504 INFO  [Log] ***** 
2016-10-03 21:29:41,504 INFO  [Log] Login_01 
2016-10-03 21:29:41,504 INFO  [Log] **** 
2016-10-03 21:29:41,504 INFO  [Log] **** 
2016-10-03 21:29:54,396 INFO  [Log] Opening Browser 
2016-10-03 21:36:13,077 ERROR [Log] Class Utils | Method getRowCount | Exception desc : null 
2016-10-03 21:37:05,793 INFO  [Log] ***** 
2016-10-03 21:37:05,794 INFO  [Log] ***** 
2016-10-03 21:37:05,794 INFO  [Log] Login_01 
2016-10-03 21:37:05,794 INFO  [Log] **** 
2016-10-03 21:37:05,794 INFO  [Log] **** 
2016-10-03 21:37:15,111 INFO  [Log] Opening Browser 
2016-10-03 21:43:01,145 INFO  [Log] Opening Browser 
2016-10-03 21:55:00,441 INFO  [Log] ***** 
2016-10-03 21:55:00,442 INFO  [Log] ***** 
2016-10-03 21:55:00,442 INFO  [Log] Login_01 
2016-10-03 21:55:00,442 INFO  [Log] **** 
2016-10-03 21:55:00,442 INFO  [Log] **** 
2016-10-03 21:55:10,739 INFO  [Log] Opening Browser 
2016-10-03 21:57:44,716 INFO  [Log] ***** 
2016-10-03 21:57:44,717 INFO  [Log] ***** 
2016-10-03 21:57:44,717 INFO  [Log] Login_01 
2016-10-03 21:57:44,717 INFO  [Log] **** 
2016-10-03 21:57:44,717 INFO  [Log] **** 
2016-10-03 21:57:58,181 INFO  [Log] Opening Browser 
2016-10-03 22:03:07,853 INFO  [Log] ***** 
2016-10-03 22:03:07,854 INFO  [Log] ***** 
2016-10-03 22:03:07,854 INFO  [Log] Login_01 
2016-10-03 22:03:07,854 INFO  [Log] **** 
2016-10-03 22:03:07,854 INFO  [Log] **** 
2016-10-03 22:03:13,613 INFO  [Log] Opening Browser 
2016-10-03 22:04:14,350 INFO  [Log] -E--N--D- 
2016-10-03 22:04:14,351 INFO  [Log] X 
2016-10-03 22:04:14,351 INFO  [Log] X 
2016-10-03 22:04:14,352 INFO  [Log] X 
2016-10-03 22:04:14,352 INFO  [Log] X 
2016-10-03 22:04:58,721 INFO  [Log] ***** 
2016-10-03 22:04:58,722 INFO  [Log] ***** 
2016-10-03 22:04:58,722 INFO  [Log] Login_01 
2016-10-03 22:04:58,722 INFO  [Log] **** 
2016-10-03 22:04:58,722 INFO  [Log] **** 
2016-10-03 22:05:07,265 INFO  [Log] Opening Browser 
2016-10-03 22:14:52,469 INFO  [Log] ***** 
2016-10-03 22:14:52,469 INFO  [Log] ***** 
2016-10-03 22:14:52,470 INFO  [Log] Login_01 
2016-10-03 22:14:52,470 INFO  [Log] **** 
2016-10-03 22:14:52,470 INFO  [Log] **** 
2016-10-03 22:14:56,692 INFO  [Log] Opening Browser 
2016-10-03 22:17:38,622 INFO  [Log] ***** 
2016-10-03 22:17:38,623 INFO  [Log] ***** 
2016-10-03 22:17:38,623 INFO  [Log] Login_01 
2016-10-03 22:17:38,623 INFO  [Log] **** 
2016-10-03 22:17:38,623 INFO  [Log] **** 
2016-10-03 22:17:47,570 INFO  [Log] Opening Browser 
2016-10-03 22:21:29,679 INFO  [Log] ***** 
2016-10-03 22:21:29,680 INFO  [Log] ***** 
2016-10-03 22:21:29,680 INFO  [Log] Login_01 
2016-10-03 22:21:29,680 INFO  [Log] **** 
2016-10-03 22:21:29,680 INFO  [Log] **** 
2016-10-03 22:21:34,094 INFO  [Log] Opening Browser 
2016-10-03 23:11:26,483 INFO  [Log] Navigating to URL 
2016-10-03 23:15:18,099 INFO  [Log] Navigating to URL 
2016-10-03 23:15:22,631 INFO  [Log] Entering username & pssword 
2016-10-03 23:16:57,447 INFO  [Log] Navigating to URL 
2016-10-03 23:17:01,820 INFO  [Log] Entering username & pssword 
2016-10-03 23:17:03,610 INFO  [Log] Logging in 
2016-10-03 23:23:14,562 INFO  [Log] Navigating to URL 
2016-10-03 23:23:18,208 INFO  [Log] Entering username & pssword 
2016-10-03 23:23:18,873 INFO  [Log] Logging in 
2016-10-03 23:25:41,476 INFO  [Log] Navigating to URL 
2016-10-03 23:25:45,332 INFO  [Log] Entering username & pssword 
2016-10-03 23:25:46,098 INFO  [Log] Logging in 
2016-10-03 23:30:07,959 INFO  [Log] Navigating to URL 
2016-10-03 23:30:11,893 INFO  [Log] Entering username & pssword 
2016-10-03 23:30:12,652 INFO  [Log] Logging in 
2016-10-03 23:33:01,315 INFO  [Log] Navigating to URL 
2016-10-03 23:33:05,367 INFO  [Log] Entering username & pssword 
2016-10-03 23:33:06,045 INFO  [Log] Logging in 
2016-10-03 23:34:38,237 INFO  [Log] Navigating to URL 
2016-10-03 23:34:41,960 INFO  [Log] Entering username & pssword 
2016-10-03 23:34:42,710 INFO  [Log] Logging in 
2016-10-03 23:39:35,559 INFO  [Log] Navigating to URL 
2016-10-03 23:39:39,169 INFO  [Log] Entering username & pssword 
2016-10-03 23:39:39,937 INFO  [Log] Logging in 
2016-10-03 23:39:41,862 INFO  [Log] Manager's Workbench - Chain , Sales Summary, Yesterday 
2016-10-03 23:42:14,677 INFO  [Log] Navigating to URL 
2016-10-03 23:42:18,838 INFO  [Log] Entering username & pssword 
2016-10-03 23:42:19,779 INFO  [Log] Logging in 
2016-10-03 23:42:22,127 INFO  [Log] Manager's Workbench - Chain , Sales Summary, Yesterday 
2016-10-03 23:55:45,245 INFO  [Log] Navigating to URL 
2016-10-03 23:55:49,361 INFO  [Log] Entering username & pssword 
2016-10-03 23:55:49,971 INFO  [Log] Logging in 
2016-10-03 23:55:51,848 INFO  [Log] Manager's Workbench - Chain , Sales Summary, Yesterday 
2016-10-03 23:56:24,223 INFO  [RetryExec] I/O exception (java.net.SocketException) caught when processing request to {}->http://localhost:3566: Connection reset 
2016-10-03 23:56:24,223 INFO  [RetryExec] Retrying request to {}->http://localhost:3566 
2016-10-03 23:57:47,316 INFO  [Log] Navigating to URL 
2016-10-03 23:57:50,792 INFO  [Log] Entering username & pssword 
2016-10-03 23:57:51,539 INFO  [Log] Logging in 
2016-10-03 23:57:53,380 INFO  [Log] Manager's Workbench - Chain , Sales Summary, Yesterday 
2016-10-04 00:02:38,629 INFO  [Log] Navigating to URL 
2016-10-04 00:02:42,134 INFO  [Log] Entering username & pssword 
2016-10-04 00:02:42,665 INFO  [Log] Logging in 
2016-10-04 00:02:44,799 INFO  [Log] Manager's Workbench - Chain , Sales Summary, Yesterday 
2016-10-06 12:55:27,877 INFO  [Log] ***** 
2016-10-06 12:55:27,878 INFO  [Log] ***** 
2016-10-06 12:55:27,878 INFO  [Log] Login_01 
2016-10-06 12:55:27,878 INFO  [Log] **** 
2016-10-06 12:55:27,878 INFO  [Log] **** 
2016-10-06 12:55:37,652 INFO  [Log] Opening Browser 
2016-10-06 12:55:38,393 INFO  [Log] Navigating to URL 
2016-10-06 12:55:38,860 INFO  [Log] -E--N--D- 
2016-10-06 12:55:38,860 INFO  [Log] X 
2016-10-06 12:55:38,860 INFO  [Log] X 
2016-10-06 12:55:38,860 INFO  [Log] X 
2016-10-06 12:55:38,860 INFO  [Log] X 
2016-10-06 12:55:38,864 INFO  [Log] ***** 
2016-10-06 12:55:38,865 INFO  [Log] ***** 
2016-10-06 12:55:38,865 INFO  [Log] Sales_02 
2016-10-06 12:55:38,865 INFO  [Log] **** 
2016-10-06 12:55:38,865 INFO  [Log] **** 
2016-10-06 12:55:38,870 INFO  [Log] -E--N--D- 
2016-10-06 12:55:38,870 INFO  [Log] X 
2016-10-06 12:55:38,870 INFO  [Log] X 
2016-10-06 12:55:38,870 INFO  [Log] X 
2016-10-06 12:55:38,870 INFO  [Log] X 
2016-10-06 12:55:38,877 INFO  [Log] ***** 
2016-10-06 12:55:38,877 INFO  [Log] ***** 
2016-10-06 12:55:38,877 INFO  [Log] Sales_03 
2016-10-06 12:55:38,877 INFO  [Log] **** 
2016-10-06 12:55:38,877 INFO  [Log] **** 
2016-10-06 12:55:38,881 INFO  [Log] -E--N--D- 
2016-10-06 12:55:38,881 INFO  [Log] X 
2016-10-06 12:55:38,881 INFO  [Log] X 
2016-10-06 12:55:38,881 INFO  [Log] X 
2016-10-06 12:55:38,881 INFO  [Log] X 
2016-10-06 12:55:38,883 INFO  [Log] ***** 
2016-10-06 12:55:38,883 INFO  [Log] ***** 
2016-10-06 12:55:38,883 INFO  [Log] Sales_04 
2016-10-06 12:55:38,883 INFO  [Log] **** 
2016-10-06 12:55:38,883 INFO  [Log] **** 
2016-10-06 12:55:38,886 INFO  [Log] -E--N--D- 
2016-10-06 12:55:38,886 INFO  [Log] X 
2016-10-06 12:55:38,886 INFO  [Log] X 
2016-10-06 12:55:38,886 INFO  [Log] X 
2016-10-06 12:55:38,887 INFO  [Log] X 
2016-10-06 12:55:38,915 INFO  [Log] ***** 
2016-10-06 12:55:38,916 INFO  [Log] ***** 
2016-10-06 12:55:38,916 INFO  [Log] Sales_05 
2016-10-06 12:55:38,916 INFO  [Log] **** 
2016-10-06 12:55:38,916 INFO  [Log] **** 
2016-10-06 12:55:38,919 INFO  [Log] -E--N--D- 
2016-10-06 12:55:38,919 INFO  [Log] X 
2016-10-06 12:55:38,919 INFO  [Log] X 
2016-10-06 12:55:38,919 INFO  [Log] X 
2016-10-06 12:55:38,919 INFO  [Log] X 
2016-10-06 12:55:38,928 ERROR [Log] Class Utils | Method getCellData | Exception desc : null 
2016-10-06 12:55:38,928 INFO  [Log] ***** 
2016-10-06 12:55:38,928 INFO  [Log] ***** 
2016-10-06 12:55:38,928 INFO  [Log] Sales_06 
2016-10-06 12:55:38,928 INFO  [Log] **** 
2016-10-06 12:55:38,928 INFO  [Log] **** 
2016-10-06 12:55:38,931 INFO  [Log] -E--N--D- 
2016-10-06 12:55:38,931 INFO  [Log] X 
2016-10-06 12:55:38,931 INFO  [Log] X 
2016-10-06 12:55:38,931 INFO  [Log] X 
2016-10-06 12:55:38,931 INFO  [Log] X 
2016-10-06 12:57:24,530 ERROR [Log] Class Utils | Method getRowCount | Exception desc : null 
2016-10-06 12:58:18,598 ERROR [Log] Class Utils | Method getRowCount | Exception desc : null 
2016-10-06 12:59:20,140 ERROR [Log] Class Utils | Method getRowCount | Exception desc : null 
2016-10-06 12:59:52,279 ERROR [Log] Class Utils | Method getRowCount | Exception desc : null 
